Determining if the pthread_create exist failed with the following output:
Change Dir: /home/xubuntu/workspace/build/CMakeFiles/CMakeTmp

Run Build Command:"/usr/bin/make" "cmTC_05f0b/fast"
/usr/bin/make -f CMakeFiles/cmTC_05f0b.dir/build.make CMakeFiles/cmTC_05f0b.dir/build
make[1]: вход в каталог «/home/xubuntu/workspace/build/CMakeFiles/CMakeTmp»
Building C object CMakeFiles/cmTC_05f0b.dir/CheckSymbolExists.c.o
/usr/bin/cc    -o CMakeFiles/cmTC_05f0b.dir/CheckSymbolExists.c.o   -c /home/xubuntu/workspace/build/CMakeFiles/CMakeTmp/CheckSymbolExists.c
Linking C executable cmTC_05f0b
/usr/bin/cmake -E cmake_link_script CMakeFiles/cmTC_05f0b.dir/link.txt --verbose=1
/usr/bin/cc      -rdynamic CMakeFiles/cmTC_05f0b.dir/CheckSymbolExists.c.o  -o cmTC_05f0b 
CMakeFiles/cmTC_05f0b.dir/CheckSymbolExists.c.o: In function `main':
CheckSymbolExists.c:(.text+0x1b): undefined reference to `pthread_create'
collect2: error: ld returned 1 exit status
CMakeFiles/cmTC_05f0b.dir/build.make:97: recipe for target 'cmTC_05f0b' failed
make[1]: *** [cmTC_05f0b] Error 1
make[1]: выход из каталога «/home/xubuntu/workspace/build/CMakeFiles/CMakeTmp»
Makefile:126: recipe for target 'cmTC_05f0b/fast' failed
make: *** [cmTC_05f0b/fast] Error 2

File /home/xubuntu/workspace/build/CMakeFiles/CMakeTmp/CheckSymbolExists.c:
/* */
#include <pthread.h>

int main(int argc, char** argv)
{
  (void)argv;
#ifndef pthread_create
  return ((int*)(&pthread_create))[argc];
#else
  (void)argc;
  return 0;
#endif
}

Determining if the function pthread_create exists in the pthreads failed with the following output:
Change Dir: /home/xubuntu/workspace/build/CMakeFiles/CMakeTmp

Run Build Command:"/usr/bin/make" "cmTC_d0bcd/fast"
/usr/bin/make -f CMakeFiles/cmTC_d0bcd.dir/build.make CMakeFiles/cmTC_d0bcd.dir/build
make[1]: вход в каталог «/home/xubuntu/workspace/build/CMakeFiles/CMakeTmp»
Building C object CMakeFiles/cmTC_d0bcd.dir/CheckFunctionExists.c.o
/usr/bin/cc   -DCHECK_FUNCTION_EXISTS=pthread_create   -o CMakeFiles/cmTC_d0bcd.dir/CheckFunctionExists.c.o   -c /usr/share/cmake-3.10/Modules/CheckFunctionExists.c
Linking C executable cmTC_d0bcd
/usr/bin/cmake -E cmake_link_script CMakeFiles/cmTC_d0bcd.dir/link.txt --verbose=1
/usr/bin/cc  -DCHECK_FUNCTION_EXISTS=pthread_create    -rdynamic CMakeFiles/cmTC_d0bcd.dir/CheckFunctionExists.c.o  -o cmTC_d0bcd -lpthreads 
/usr/bin/ld: cannot find -lpthreads
collect2: error: ld returned 1 exit status
CMakeFiles/cmTC_d0bcd.dir/build.make:97: recipe for target 'cmTC_d0bcd' failed
make[1]: *** [cmTC_d0bcd] Error 1
make[1]: выход из каталога «/home/xubuntu/workspace/build/CMakeFiles/CMakeTmp»
Makefile:126: recipe for target 'cmTC_d0bcd/fast' failed
make: *** [cmTC_d0bcd/fast] Error 2


